# JRE version: OpenJDK Runtime Environment (8.0_242-b01) (build 1.8.0_242-release-1644-b01)
# Java VM: OpenJDK 64-Bit Server VM (25.242-b01 mixed mode windows-amd64 compressed oops)
Heap:
 PSYoungGen      total 275456K, used 177667K [0x00000000eab00000, 0x0000000100000000, 0x0000000100000000)
  eden space 201728K, 66% used [0x00000000eab00000,0x00000000f2de5778,0x00000000f7000000)
  from space 73728K, 59% used [0x00000000f7000000,0x00000000f9aa2d18,0x00000000fb800000)
  to   space 73728K, 0% used [0x00000000fb800000,0x00000000fb800000,0x0000000100000000)
 ParOldGen       total 170496K, used 83429K [0x00000000c0000000, 0x00000000ca680000, 0x00000000eab00000)
  object space 170496K, 48% used [0x00000000c0000000,0x00000000c5179458,0x00000000ca680000)
 Metaspace       used 116138K, capacity 122012K, committed 122316K, reserved 1155072K
  class space    used 14856K, capacity 15961K, committed 16128K, reserved 1048576K
GC Heap History (10 events):
Event: 1410.978 GC heap before
{Heap before GC invocations=29 (full 4):
 PSYoungGen      total 299520K, used 292954K [0x00000000eab00000, 0x0000000100000000, 0x0000000100000000)
  eden space 257024K, 100% used [0x00000000eab00000,0x00000000fa600000,0x00000000fa600000)
  from space 42496K, 84% used [0x00000000fd680000,0x00000000ff996b68,0x0000000100000000)
  to   space 46080K, 0% used [0x00000000fa600000,0x00000000fa600000,0x00000000fd300000)
 ParOldGen       total 170496K, used 48444K [0x00000000c0000000, 0x00000000ca680000, 0x00000000eab00000)
  object space 170496K, 28% used [0x00000000c0000000,0x00000000c2f4f300,0x00000000ca680000)
 Metaspace       used 106437K, capacity 111926K, committed 112204K, reserved 1146880K
  class space    used 13752K, capacity 14839K, committed 14976K, reserved 1048576K
Event: 1411.041 GC heap after
Heap after GC invocations=29 (full 4):
 PSYoungGen      total 292352K, used 35146K [0x00000000eab00000, 0x0000000100000000, 0x0000000100000000)
  eden space 257024K, 0% used [0x00000000eab00000,0x00000000eab00000,0x00000000fa600000)
  from space 35328K, 99% used [0x00000000fa600000,0x00000000fc852ad0,0x00000000fc880000)
  to   space 48128K, 0% used [0x00000000fd100000,0x00000000fd100000,0x0000000100000000)
 ParOldGen       total 170496K, used 48444K [0x00000000c0000000, 0x00000000ca680000, 0x00000000eab00000)
  object space 170496K, 28% used [0x00000000c0000000,0x00000000c2f4f300,0x00000000ca680000)
 Metaspace       used 106437K, capacity 111926K, committed 112204K, reserved 1146880K
  class space    used 13752K, capacity 14839K, committed 14976K, reserved 1048576K
}
Event: 1412.825 GC heap before
{Heap before GC invocations=30 (full 4):
 PSYoungGen      total 292352K, used 292170K [0x00000000eab00000, 0x0000000100000000, 0x0000000100000000)
  eden space 257024K, 100% used [0x00000000eab00000,0x00000000fa600000,0x00000000fa600000)
  from space 35328K, 99% used [0x00000000fa600000,0x00000000fc852ad0,0x00000000fc880000)
  to   space 48128K, 0% used [0x00000000fd100000,0x00000000fd100000,0x0000000100000000)
 ParOldGen       total 170496K, used 48444K [0x00000000c0000000, 0x00000000ca680000, 0x00000000eab00000)
  object space 170496K, 28% used [0x00000000c0000000,0x00000000c2f4f300,0x00000000ca680000)
 Metaspace       used 107240K, capacity 112826K, committed 112972K, reserved 1146880K
  class space    used 13826K, capacity 14899K, committed 14976K, reserved 1048576K
Event: 1412.950 GC heap after
Heap after GC invocations=30 (full 4):
 PSYoungGen      total 267264K, used 48119K [0x00000000eab00000, 0x0000000100000000, 0x0000000100000000)
  eden space 219136K, 0% used [0x00000000eab00000,0x00000000eab00000,0x00000000f8100000)
  from space 48128K, 99% used [0x00000000fd100000,0x00000000ffffdf58,0x0000000100000000)
  to   space 65024K, 0% used [0x00000000f8100000,0x00000000f8100000,0x00000000fc080000)
 ParOldGen       total 170496K, used 76459K [0x00000000c0000000, 0x00000000ca680000, 0x00000000eab00000)
  object space 170496K, 44% used [0x00000000c0000000,0x00000000c4aaaf58,0x00000000ca680000)
 Metaspace       used 107240K, capacity 112826K, committed 112972K, reserved 1146880K
  class space    used 13826K, capacity 14899K, committed 14976K, reserved 1048576K
}
Event: 1415.479 GC heap before
{Heap before GC invocations=31 (full 4):
 PSYoungGen      total 267264K, used 267255K [0x00000000eab00000, 0x0000000100000000, 0x0000000100000000)
  eden space 219136K, 100% used [0x00000000eab00000,0x00000000f8100000,0x00000000f8100000)
  from space 48128K, 99% used [0x00000000fd100000,0x00000000ffffdf58,0x0000000100000000)
  to   space 65024K, 0% used [0x00000000f8100000,0x00000000f8100000,0x00000000fc080000)
 ParOldGen       total 170496K, used 76459K [0x00000000c0000000, 0x00000000ca680000, 0x00000000eab00000)
  object space 170496K, 44% used [0x00000000c0000000,0x00000000c4aaaf58,0x00000000ca680000)
 Metaspace       used 107824K, capacity 113394K, committed 113612K, reserved 1148928K
  class space    used 13881K, capacity 14973K, committed 15104K, reserved 1048576K
Event: 1415.599 GC heap after
Heap after GC invocations=31 (full 4):
 PSYoungGen      total 284160K, used 64997K [0x00000000eab00000, 0x0000000100000000, 0x0000000100000000)
  eden space 219136K, 0% used [0x00000000eab00000,0x00000000eab00000,0x00000000f8100000)
  from space 65024K, 99% used [0x00000000f8100000,0x00000000fc079518,0x00000000fc080000)
  to   space 65024K, 0% used [0x00000000fc080000,0x00000000fc080000,0x0000000100000000)
 ParOldGen       total 170496K, used 76651K [0x00000000c0000000, 0x00000000ca680000, 0x00000000eab00000)
  object space 170496K, 44% used [0x00000000c0000000,0x00000000c4adac40,0x00000000ca680000)
 Metaspace       used 107824K, capacity 113394K, committed 113612K, reserved 1148928K
  class space    used 13881K, capacity 14973K, committed 15104K, reserved 1048576K
}
Event: 1418.306 GC heap before
{Heap before GC invocations=32 (full 4):
 PSYoungGen      total 284160K, used 283961K [0x00000000eab00000, 0x0000000100000000, 0x0000000100000000)
  eden space 219136K, 99% used [0x00000000eab00000,0x00000000f80d52d8,0x00000000f8100000)
  from space 65024K, 99% used [0x00000000f8100000,0x00000000fc079518,0x00000000fc080000)
  to   space 65024K, 0% used [0x00000000fc080000,0x00000000fc080000,0x0000000100000000)
 ParOldGen       total 170496K, used 76651K [0x00000000c0000000, 0x00000000ca680000, 0x00000000eab00000)
  object space 170496K, 44% used [0x00000000c0000000,0x00000000c4adac40,0x00000000ca680000)
 Metaspace       used 114465K, capacity 120234K, committed 120524K, reserved 1155072K
  class space    used 14636K, capacity 15716K, committed 15872K, reserved 1048576K
Event: 1418.396 GC heap after
Heap after GC invocations=32 (full 4):
 PSYoungGen      total 266752K, used 41118K [0x00000000eab00000, 0x0000000100000000, 0x0000000100000000)
  eden space 201728K, 0% used [0x00000000eab00000,0x00000000eab00000,0x00000000f7000000)
  from space 65024K, 63% used [0x00000000fc080000,0x00000000fe8a78f8,0x0000000100000000)
  to   space 73728K, 0% used [0x00000000f7000000,0x00000000f7000000,0x00000000fb800000)
 ParOldGen       total 170496K, used 82961K [0x00000000c0000000, 0x00000000ca680000, 0x00000000eab00000)
  object space 170496K, 48% used [0x00000000c0000000,0x00000000c5104418,0x00000000ca680000)
 Metaspace       used 114465K, capacity 120234K, committed 120524K, reserved 1155072K
  class space    used 14636K, capacity 15716K, committed 15872K, reserved 1048576K
}
Event: 1420.085 GC heap before
{Heap before GC invocations=33 (full 4):
 PSYoungGen      total 266752K, used 242846K [0x00000000eab00000, 0x0000000100000000, 0x0000000100000000)
  eden space 201728K, 100% used [0x00000000eab00000,0x00000000f7000000,0x00000000f7000000)
  from space 65024K, 63% used [0x00000000fc080000,0x00000000fe8a78f8,0x0000000100000000)
  to   space 73728K, 0% used [0x00000000f7000000,0x00000000f7000000,0x00000000fb800000)
 ParOldGen       total 170496K, used 82961K [0x00000000c0000000, 0x00000000ca680000, 0x00000000eab00000)
  object space 170496K, 48% used [0x00000000c0000000,0x00000000c5104418,0x00000000ca680000)
 Metaspace       used 114898K, capacity 120640K, committed 120780K, reserved 1155072K
  class space    used 14691K, capacity 15771K, committed 15872K, reserved 1048576K
Event: 1420.199 GC heap after
Heap after GC invocations=33 (full 4):
 PSYoungGen      total 275456K, used 43659K [0x00000000eab00000, 0x0000000100000000, 0x0000000100000000)
  eden space 201728K, 0% used [0x00000000eab00000,0x00000000eab00000,0x00000000f7000000)
  from space 73728K, 59% used [0x00000000f7000000,0x00000000f9aa2d18,0x00000000fb800000)
  to   space 73728K, 0% used [0x00000000fb800000,0x00000000fb800000,0x0000000100000000)
 ParOldGen       total 170496K, used 83429K [0x00000000c0000000, 0x00000000ca680000, 0x00000000eab00000)
  object space 170496K, 48% used [0x00000000c0000000,0x00000000c5179458,0x00000000ca680000)
 Metaspace       used 114898K, capacity 120640K, committed 120780K, reserved 1155072K
  class space    used 14691K, capacity 15771K, committed 15872K, reserved 1048576K
}

