# JRE version: OpenJDK Runtime Environment (8.0_242-b01) (build 1.8.0_242-release-1644-b01)
# Java VM: OpenJDK 64-Bit Server VM (25.242-b01 mixed mode windows-amd64 compressed oops)
Heap:
 PSYoungGen      total 287744K, used 230643K [0x00000000eab00000, 0x0000000100000000, 0x0000000100000000)
  eden space 227328K, 100% used [0x00000000eab00000,0x00000000f8900000,0x00000000f8900000)
  from space 60416K, 5% used [0x00000000fc500000,0x00000000fc83ce80,0x0000000100000000)
  to   space 60928K, 5% used [0x00000000f8900000,0x00000000f8c40010,0x00000000fc480000)
 ParOldGen       total 461312K, used 306881K [0x00000000c0000000, 0x00000000dc280000, 0x00000000eab00000)
  object space 461312K, 66% used [0x00000000c0000000,0x00000000d2bb06a0,0x00000000dc280000)
 Metaspace       used 227594K, capacity 241098K, committed 241240K, reserved 1259520K
  class space    used 29139K, capacity 31831K, committed 31872K, reserved 1048576K
GC Heap History (10 events):
Event: 8313.603 GC heap after
Heap after GC invocations=135 (full 9):
 PSYoungGen      total 282624K, used 41460K [0x00000000eab00000, 0x0000000100000000, 0x0000000100000000)
  eden space 220160K, 0% used [0x00000000eab00000,0x00000000eab00000,0x00000000f8200000)
  from space 62464K, 66% used [0x00000000fc300000,0x00000000feb7d110,0x0000000100000000)
  to   space 64512K, 0% used [0x00000000f8200000,0x00000000f8200000,0x00000000fc100000)
 ParOldGen       total 461312K, used 263183K [0x00000000c0000000, 0x00000000dc280000, 0x00000000eab00000)
  object space 461312K, 57% used [0x00000000c0000000,0x00000000d0103ed0,0x00000000dc280000)
 Metaspace       used 227260K, capacity 240706K, committed 240984K, reserved 1259520K
  class space    used 29116K, capacity 31823K, committed 31872K, reserved 1048576K
}
Event: 8315.152 GC heap before
{Heap before GC invocations=136 (full 9):
 PSYoungGen      total 282624K, used 261620K [0x00000000eab00000, 0x0000000100000000, 0x0000000100000000)
  eden space 220160K, 100% used [0x00000000eab00000,0x00000000f8200000,0x00000000f8200000)
  from space 62464K, 66% used [0x00000000fc300000,0x00000000feb7d110,0x0000000100000000)
  to   space 64512K, 0% used [0x00000000f8200000,0x00000000f8200000,0x00000000fc100000)
 ParOldGen       total 461312K, used 263183K [0x00000000c0000000, 0x00000000dc280000, 0x00000000eab00000)
  object space 461312K, 57% used [0x00000000c0000000,0x00000000d0103ed0,0x00000000dc280000)
 Metaspace       used 227343K, capacity 240786K, committed 240984K, reserved 1259520K
  class space    used 29120K, capacity 31823K, committed 31872K, reserved 1048576K
Event: 8315.767 GC heap after
Heap after GC invocations=136 (full 9):
 PSYoungGen      total 284672K, used 34664K [0x00000000eab00000, 0x0000000100000000, 0x0000000100000000)
  eden space 220160K, 0% used [0x00000000eab00000,0x00000000eab00000,0x00000000f8200000)
  from space 64512K, 53% used [0x00000000f8200000,0x00000000fa3da060,0x00000000fc100000)
  to   space 63488K, 0% used [0x00000000fc200000,0x00000000fc200000,0x0000000100000000)
 ParOldGen       total 461312K, used 273620K [0x00000000c0000000, 0x00000000dc280000, 0x00000000eab00000)
  object space 461312K, 59% used [0x00000000c0000000,0x00000000d0b35298,0x00000000dc280000)
 Metaspace       used 227343K, capacity 240786K, committed 240984K, reserved 1259520K
  class space    used 29120K, capacity 31823K, committed 31872K, reserved 1048576K
}
Event: 8319.193 GC heap before
{Heap before GC invocations=137 (full 9):
 PSYoungGen      total 284672K, used 254824K [0x00000000eab00000, 0x0000000100000000, 0x0000000100000000)
  eden space 220160K, 100% used [0x00000000eab00000,0x00000000f8200000,0x00000000f8200000)
  from space 64512K, 53% used [0x00000000f8200000,0x00000000fa3da060,0x00000000fc100000)
  to   space 63488K, 0% used [0x00000000fc200000,0x00000000fc200000,0x0000000100000000)
 ParOldGen       total 461312K, used 273620K [0x00000000c0000000, 0x00000000dc280000, 0x00000000eab00000)
  object space 461312K, 59% used [0x00000000c0000000,0x00000000d0b35298,0x00000000dc280000)
 Metaspace       used 227464K, capacity 240938K, committed 241240K, reserved 1259520K
  class space    used 29128K, capacity 31827K, committed 31872K, reserved 1048576K
Event: 8320.297 GC heap after
Heap after GC invocations=137 (full 9):
 PSYoungGen      total 277504K, used 27000K [0x00000000eab00000, 0x00000000ff900000, 0x0000000100000000)
  eden space 221184K, 0% used [0x00000000eab00000,0x00000000eab00000,0x00000000f8300000)
  from space 56320K, 47% used [0x00000000fc200000,0x00000000fdc5e0d8,0x00000000ff900000)
  to   space 60416K, 0% used [0x00000000f8300000,0x00000000f8300000,0x00000000fbe00000)
 ParOldGen       total 461312K, used 280064K [0x00000000c0000000, 0x00000000dc280000, 0x00000000eab00000)
  object space 461312K, 60% used [0x00000000c0000000,0x00000000d11803b8,0x00000000dc280000)
 Metaspace       used 227464K, capacity 240938K, committed 241240K, reserved 1259520K
  class space    used 29128K, capacity 31827K, committed 31872K, reserved 1048576K
}
Event: 8322.530 GC heap before
{Heap before GC invocations=138 (full 9):
 PSYoungGen      total 277504K, used 248184K [0x00000000eab00000, 0x00000000ff900000, 0x0000000100000000)
  eden space 221184K, 100% used [0x00000000eab00000,0x00000000f8300000,0x00000000f8300000)
  from space 56320K, 47% used [0x00000000fc200000,0x00000000fdc5e0d8,0x00000000ff900000)
  to   space 60416K, 0% used [0x00000000f8300000,0x00000000f8300000,0x00000000fbe00000)
 ParOldGen       total 461312K, used 280064K [0x00000000c0000000, 0x00000000dc280000, 0x00000000eab00000)
  object space 461312K, 60% used [0x00000000c0000000,0x00000000d11803b8,0x00000000dc280000)
 Metaspace       used 227528K, capacity 241024K, committed 241240K, reserved 1259520K
  class space    used 29138K, capacity 31830K, committed 31872K, reserved 1048576K
Event: 8323.046 GC heap after
Heap after GC invocations=138 (full 9):
 PSYoungGen      total 281600K, used 9588K [0x00000000eab00000, 0x0000000100000000, 0x0000000100000000)
  eden space 221184K, 0% used [0x00000000eab00000,0x00000000eab00000,0x00000000f8300000)
  from space 60416K, 15% used [0x00000000f8300000,0x00000000f8c5d008,0x00000000fbe00000)
  to   space 60416K, 0% used [0x00000000fc500000,0x00000000fc500000,0x0000000100000000)
 ParOldGen       total 461312K, used 297523K [0x00000000c0000000, 0x00000000dc280000, 0x00000000eab00000)
  object space 461312K, 64% used [0x00000000c0000000,0x00000000d228ce90,0x00000000dc280000)
 Metaspace       used 227528K, capacity 241024K, committed 241240K, reserved 1259520K
  class space    used 29138K, capacity 31830K, committed 31872K, reserved 1048576K
}
Event: 8325.649 GC heap before
{Heap before GC invocations=139 (full 9):
 PSYoungGen      total 281600K, used 230772K [0x00000000eab00000, 0x0000000100000000, 0x0000000100000000)
  eden space 221184K, 100% used [0x00000000eab00000,0x00000000f8300000,0x00000000f8300000)
  from space 60416K, 15% used [0x00000000f8300000,0x00000000f8c5d008,0x00000000fbe00000)
  to   space 60416K, 0% used [0x00000000fc500000,0x00000000fc500000,0x0000000100000000)
 ParOldGen       total 461312K, used 297523K [0x00000000c0000000, 0x00000000dc280000, 0x00000000eab00000)
  object space 461312K, 64% used [0x00000000c0000000,0x00000000d228ce90,0x00000000dc280000)
 Metaspace       used 227583K, capacity 241028K, committed 241240K, reserved 1259520K
  class space    used 29138K, capacity 31830K, committed 31872K, reserved 1048576K
Event: 8325.943 GC heap after
Heap after GC invocations=139 (full 9):
 PSYoungGen      total 287744K, used 3315K [0x00000000eab00000, 0x0000000100000000, 0x0000000100000000)
  eden space 227328K, 0% used [0x00000000eab00000,0x00000000eab00000,0x00000000f8900000)
  from space 60416K, 5% used [0x00000000fc500000,0x00000000fc83ce80,0x0000000100000000)
  to   space 60928K, 0% used [0x00000000f8900000,0x00000000f8900000,0x00000000fc480000)
 ParOldGen       total 461312K, used 304237K [0x00000000c0000000, 0x00000000dc280000, 0x00000000eab00000)
  object space 461312K, 65% used [0x00000000c0000000,0x00000000d291b680,0x00000000dc280000)
 Metaspace       used 227583K, capacity 241028K, committed 241240K, reserved 1259520K
  class space    used 29138K, capacity 31830K, committed 31872K, reserved 1048576K
}
Event: 8328.058 GC heap before
{Heap before GC invocations=140 (full 9):
 PSYoungGen      total 287744K, used 230643K [0x00000000eab00000, 0x0000000100000000, 0x0000000100000000)
  eden space 227328K, 100% used [0x00000000eab00000,0x00000000f8900000,0x00000000f8900000)
  from space 60416K, 5% used [0x00000000fc500000,0x00000000fc83ce80,0x0000000100000000)
  to   space 60928K, 0% used [0x00000000f8900000,0x00000000f8900000,0x00000000fc480000)
 ParOldGen       total 461312K, used 304237K [0x00000000c0000000, 0x00000000dc280000, 0x00000000eab00000)
  object space 461312K, 65% used [0x00000000c0000000,0x00000000d291b680,0x00000000dc280000)
 Metaspace       used 227594K, capacity 241098K, committed 241240K, reserved 1259520K
  class space    used 29139K, capacity 31831K, committed 31872K, reserved 1048576K

