# JRE version: OpenJDK Runtime Environment (8.0_242-b01) (build 1.8.0_242-release-1644-b01)
# Java VM: OpenJDK 64-Bit Server VM (25.242-b01 mixed mode windows-amd64 compressed oops)
Heap:
 PSYoungGen      total 529408K, used 150652K [0x00000000d5580000, 0x00000000fd480000, 0x0000000100000000)
  eden space 466432K, 24% used [0x00000000d5580000,0x00000000dc67fd10,0x00000000f1d00000)
  from space 62976K, 55% used [0x00000000f1d00000,0x00000000f3f1f6a8,0x00000000f5a80000)
  to   space 62976K, 0% used [0x00000000f9700000,0x00000000f9700000,0x00000000fd480000)
 ParOldGen       total 316416K, used 142259K [0x0000000080000000, 0x0000000093500000, 0x00000000d5580000)
  object space 316416K, 44% used [0x0000000080000000,0x0000000088aecfa8,0x0000000093500000)
 Metaspace       used 94557K, capacity 99680K, committed 99864K, reserved 1136640K
  class space    used 12401K, capacity 13316K, committed 13360K, reserved 1048576K
GC Heap History (10 events):
Event: 13.381 GC heap before
{Heap before GC invocations=13 (full 3):
 PSYoungGen      total 359424K, used 339456K [0x00000000d5580000, 0x00000000f1a80000, 0x0000000100000000)
  eden space 339456K, 100% used [0x00000000d5580000,0x00000000ea100000,0x00000000ea100000)
  from space 19968K, 0% used [0x00000000ea100000,0x00000000ea100000,0x00000000eb480000)
  to   space 25088K, 0% used [0x00000000f0200000,0x00000000f0200000,0x00000000f1a80000)
 ParOldGen       total 141312K, used 37140K [0x0000000080000000, 0x0000000088a00000, 0x00000000d5580000)
  object space 141312K, 26% used [0x0000000080000000,0x00000000824453a8,0x0000000088a00000)
 Metaspace       used 70360K, capacity 73522K, committed 73752K, reserved 1112064K
  class space    used 9648K, capacity 10246K, committed 10288K, reserved 1048576K
Event: 13.421 GC heap after
Heap after GC invocations=13 (full 3):
 PSYoungGen      total 425984K, used 25087K [0x00000000d5580000, 0x00000000f1f00000, 0x0000000100000000)
  eden space 400896K, 0% used [0x00000000d5580000,0x00000000d5580000,0x00000000edd00000)
  from space 25088K, 99% used [0x00000000f0200000,0x00000000f1a7fe88,0x00000000f1a80000)
  to   space 33792K, 0% used [0x00000000edd00000,0x00000000edd00000,0x00000000efe00000)
 ParOldGen       total 141312K, used 50823K [0x0000000080000000, 0x0000000088a00000, 0x00000000d5580000)
  object space 141312K, 35% used [0x0000000080000000,0x00000000831a1fb8,0x0000000088a00000)
 Metaspace       used 70360K, capacity 73522K, committed 73752K, reserved 1112064K
  class space    used 9648K, capacity 10246K, committed 10288K, reserved 1048576K
}
Event: 17.490 GC heap before
{Heap before GC invocations=14 (full 3):
 PSYoungGen      total 425984K, used 425983K [0x00000000d5580000, 0x00000000f1f00000, 0x0000000100000000)
  eden space 400896K, 100% used [0x00000000d5580000,0x00000000edd00000,0x00000000edd00000)
  from space 25088K, 99% used [0x00000000f0200000,0x00000000f1a7fe88,0x00000000f1a80000)
  to   space 33792K, 0% used [0x00000000edd00000,0x00000000edd00000,0x00000000efe00000)
 ParOldGen       total 141312K, used 50823K [0x0000000080000000, 0x0000000088a00000, 0x00000000d5580000)
  object space 141312K, 35% used [0x0000000080000000,0x00000000831a1fb8,0x0000000088a00000)
 Metaspace       used 76890K, capacity 80718K, committed 80920K, reserved 1118208K
  class space    used 10596K, capacity 11292K, committed 11312K, reserved 1048576K
Event: 17.621 GC heap after
Heap after GC invocations=14 (full 3):
 PSYoungGen      total 434688K, used 33766K [0x00000000d5580000, 0x00000000fb180000, 0x0000000100000000)
  eden space 400896K, 0% used [0x00000000d5580000,0x00000000d5580000,0x00000000edd00000)
  from space 33792K, 99% used [0x00000000edd00000,0x00000000efdf98d0,0x00000000efe00000)
  to   space 67072K, 0% used [0x00000000f7000000,0x00000000f7000000,0x00000000fb180000)
 ParOldGen       total 141312K, used 125726K [0x0000000080000000, 0x0000000088a00000, 0x00000000d5580000)
  object space 141312K, 88% used [0x0000000080000000,0x0000000087ac7880,0x0000000088a00000)
 Metaspace       used 76890K, capacity 80718K, committed 80920K, reserved 1118208K
  class space    used 10596K, capacity 11292K, committed 11312K, reserved 1048576K
}
Event: 17.621 GC heap before
{Heap before GC invocations=15 (full 4):
 PSYoungGen      total 434688K, used 33766K [0x00000000d5580000, 0x00000000fb180000, 0x0000000100000000)
  eden space 400896K, 0% used [0x00000000d5580000,0x00000000d5580000,0x00000000edd00000)
  from space 33792K, 99% used [0x00000000edd00000,0x00000000efdf98d0,0x00000000efe00000)
  to   space 67072K, 0% used [0x00000000f7000000,0x00000000f7000000,0x00000000fb180000)
 ParOldGen       total 141312K, used 125726K [0x0000000080000000, 0x0000000088a00000, 0x00000000d5580000)
  object space 141312K, 88% used [0x0000000080000000,0x0000000087ac7880,0x0000000088a00000)
 Metaspace       used 76890K, capacity 80718K, committed 80920K, reserved 1118208K
  class space    used 10596K, capacity 11292K, committed 11312K, reserved 1048576K
Event: 18.520 GC heap after
Heap after GC invocations=15 (full 4):
 PSYoungGen      total 434688K, used 996K [0x00000000d5580000, 0x00000000fb180000, 0x0000000100000000)
  eden space 400896K, 0% used [0x00000000d5580000,0x00000000d5580000,0x00000000edd00000)
  from space 33792K, 2% used [0x00000000edd00000,0x00000000eddf92c0,0x00000000efe00000)
  to   space 67072K, 0% used [0x00000000f7000000,0x00000000f7000000,0x00000000fb180000)
 ParOldGen       total 316416K, used 141227K [0x0000000080000000, 0x0000000093500000, 0x00000000d5580000)
  object space 316416K, 44% used [0x0000000080000000,0x00000000889eafa8,0x0000000093500000)
 Metaspace       used 76839K, capacity 80570K, committed 80920K, reserved 1118208K
  class space    used 10578K, capacity 11262K, committed 11312K, reserved 1048576K
}
Event: 23.645 GC heap before
{Heap before GC invocations=16 (full 4):
 PSYoungGen      total 434688K, used 401892K [0x00000000d5580000, 0x00000000fb180000, 0x0000000100000000)
  eden space 400896K, 100% used [0x00000000d5580000,0x00000000edd00000,0x00000000edd00000)
  from space 33792K, 2% used [0x00000000edd00000,0x00000000eddf92c0,0x00000000efe00000)
  to   space 67072K, 0% used [0x00000000f7000000,0x00000000f7000000,0x00000000fb180000)
 ParOldGen       total 316416K, used 141227K [0x0000000080000000, 0x0000000093500000, 0x00000000d5580000)
  object space 316416K, 44% used [0x0000000080000000,0x00000000889eafa8,0x0000000093500000)
 Metaspace       used 88346K, capacity 92786K, committed 92952K, reserved 1130496K
  class space    used 11908K, capacity 12721K, committed 12848K, reserved 1048576K
Event: 23.757 GC heap after
Heap after GC invocations=16 (full 4):
 PSYoungGen      total 507392K, used 22628K [0x00000000d5580000, 0x00000000f9800000, 0x0000000100000000)
  eden space 466432K, 0% used [0x00000000d5580000,0x00000000d5580000,0x00000000f1d00000)
  from space 40960K, 55% used [0x00000000f7000000,0x00000000f86191f0,0x00000000f9800000)
  to   space 62976K, 0% used [0x00000000f1d00000,0x00000000f1d00000,0x00000000f5a80000)
 ParOldGen       total 316416K, used 142251K [0x0000000080000000, 0x0000000093500000, 0x00000000d5580000)
  object space 316416K, 44% used [0x0000000080000000,0x0000000088aeafa8,0x0000000093500000)
 Metaspace       used 88346K, capacity 92786K, committed 92952K, reserved 1130496K
  class space    used 11908K, capacity 12721K, committed 12848K, reserved 1048576K
}
Event: 154.850 GC heap before
{Heap before GC invocations=17 (full 4):
 PSYoungGen      total 507392K, used 489060K [0x00000000d5580000, 0x00000000f9800000, 0x0000000100000000)
  eden space 466432K, 100% used [0x00000000d5580000,0x00000000f1d00000,0x00000000f1d00000)
  from space 40960K, 55% used [0x00000000f7000000,0x00000000f86191f0,0x00000000f9800000)
  to   space 62976K, 0% used [0x00000000f1d00000,0x00000000f1d00000,0x00000000f5a80000)
 ParOldGen       total 316416K, used 142251K [0x0000000080000000, 0x0000000093500000, 0x00000000d5580000)
  object space 316416K, 44% used [0x0000000080000000,0x0000000088aeafa8,0x0000000093500000)
 Metaspace       used 93887K, capacity 98750K, committed 98968K, reserved 1134592K
  class space    used 12306K, capacity 13157K, committed 13232K, reserved 1048576K
Event: 154.898 GC heap after
Heap after GC invocations=17 (full 4):
 PSYoungGen      total 529408K, used 34941K [0x00000000d5580000, 0x00000000fd480000, 0x0000000100000000)
  eden space 466432K, 0% used [0x00000000d5580000,0x00000000d5580000,0x00000000f1d00000)
  from space 62976K, 55% used [0x00000000f1d00000,0x00000000f3f1f6a8,0x00000000f5a80000)
  to   space 62976K, 0% used [0x00000000f9700000,0x00000000f9700000,0x00000000fd480000)
 ParOldGen       total 316416K, used 142259K [0x0000000080000000, 0x0000000093500000, 0x00000000d5580000)
  object space 316416K, 44% used [0x0000000080000000,0x0000000088aecfa8,0x0000000093500000)
 Metaspace       used 93887K, capacity 98750K, committed 98968K, reserved 1134592K
  class space    used 12306K, capacity 13157K, committed 13232K, reserved 1048576K
}

