# JRE version: OpenJDK Runtime Environment (8.0_242-b01) (build 1.8.0_242-release-1644-b01)
# Java VM: OpenJDK 64-Bit Server VM (25.242-b01 mixed mode windows-amd64 compressed oops)
Heap:
 PSYoungGen      total 185344K, used 47008K [0x00000000e0000000, 0x00000000ec400000, 0x0000000100000000)
  eden space 171008K, 27% used [0x00000000e0000000,0x00000000e2de83e8,0x00000000ea700000)
  from space 14336K, 0% used [0x00000000eb600000,0x00000000eb600000,0x00000000ec400000)
  to   space 14848K, 0% used [0x00000000ea700000,0x00000000ea700000,0x00000000eb580000)
 ParOldGen       total 92160K, used 20905K [0x00000000a0000000, 0x00000000a5a00000, 0x00000000e0000000)
  object space 92160K, 22% used [0x00000000a0000000,0x00000000a146a700,0x00000000a5a00000)
 Metaspace       used 37030K, capacity 37906K, committed 38016K, reserved 1081344K
  class space    used 4916K, capacity 5162K, committed 5248K, reserved 1048576K
GC Heap History (10 events):
Event: 13.780 GC heap before
{Heap before GC invocations=10 (full 1):
 PSYoungGen      total 132096K, used 132080K [0x00000000e0000000, 0x00000000e8600000, 0x0000000100000000)
  eden space 126976K, 100% used [0x00000000e0000000,0x00000000e7c00000,0x00000000e7c00000)
  from space 5120K, 99% used [0x00000000e8100000,0x00000000e85fc090,0x00000000e8600000)
  to   space 5120K, 0% used [0x00000000e7c00000,0x00000000e7c00000,0x00000000e8100000)
 ParOldGen       total 66048K, used 28111K [0x00000000a0000000, 0x00000000a4080000, 0x00000000e0000000)
  object space 66048K, 42% used [0x00000000a0000000,0x00000000a1b73d98,0x00000000a4080000)
 Metaspace       used 33507K, capacity 34120K, committed 34176K, reserved 1079296K
  class space    used 4515K, capacity 4716K, committed 4736K, reserved 1048576K
Event: 13.787 GC heap after
Heap after GC invocations=10 (full 1):
 PSYoungGen      total 132096K, used 2208K [0x00000000e0000000, 0x00000000ec500000, 0x0000000100000000)
  eden space 126976K, 0% used [0x00000000e0000000,0x00000000e0000000,0x00000000e7c00000)
  from space 5120K, 43% used [0x00000000e7c00000,0x00000000e7e28000,0x00000000e8100000)
  to   space 15360K, 0% used [0x00000000eb600000,0x00000000eb600000,0x00000000ec500000)
 ParOldGen       total 66048K, used 32630K [0x00000000a0000000, 0x00000000a4080000, 0x00000000e0000000)
  object space 66048K, 49% used [0x00000000a0000000,0x00000000a1fdda58,0x00000000a4080000)
 Metaspace       used 33507K, capacity 34120K, committed 34176K, reserved 1079296K
  class space    used 4515K, capacity 4716K, committed 4736K, reserved 1048576K
}
Event: 14.500 GC heap before
{Heap before GC invocations=11 (full 1):
 PSYoungGen      total 132096K, used 129184K [0x00000000e0000000, 0x00000000ec500000, 0x0000000100000000)
  eden space 126976K, 100% used [0x00000000e0000000,0x00000000e7c00000,0x00000000e7c00000)
  from space 5120K, 43% used [0x00000000e7c00000,0x00000000e7e28000,0x00000000e8100000)
  to   space 15360K, 0% used [0x00000000eb600000,0x00000000eb600000,0x00000000ec500000)
 ParOldGen       total 66048K, used 32630K [0x00000000a0000000, 0x00000000a4080000, 0x00000000e0000000)
  object space 66048K, 49% used [0x00000000a0000000,0x00000000a1fdda58,0x00000000a4080000)
 Metaspace       used 33507K, capacity 34120K, committed 34176K, reserved 1079296K
  class space    used 4515K, capacity 4716K, committed 4736K, reserved 1048576K
Event: 14.511 GC heap after
Heap after GC invocations=11 (full 1):
 PSYoungGen      total 185344K, used 5618K [0x00000000e0000000, 0x00000000ec400000, 0x0000000100000000)
  eden space 171008K, 0% used [0x00000000e0000000,0x00000000e0000000,0x00000000ea700000)
  from space 14336K, 39% used [0x00000000eb600000,0x00000000ebb7c970,0x00000000ec400000)
  to   space 14848K, 0% used [0x00000000ea700000,0x00000000ea700000,0x00000000eb580000)
 ParOldGen       total 66048K, used 33218K [0x00000000a0000000, 0x00000000a4080000, 0x00000000e0000000)
  object space 66048K, 50% used [0x00000000a0000000,0x00000000a2070950,0x00000000a4080000)
 Metaspace       used 33507K, capacity 34120K, committed 34176K, reserved 1079296K
  class space    used 4515K, capacity 4716K, committed 4736K, reserved 1048576K
}
Event: 15.705 GC heap before
{Heap before GC invocations=12 (full 1):
 PSYoungGen      total 185344K, used 176626K [0x00000000e0000000, 0x00000000ec400000, 0x0000000100000000)
  eden space 171008K, 100% used [0x00000000e0000000,0x00000000ea700000,0x00000000ea700000)
  from space 14336K, 39% used [0x00000000eb600000,0x00000000ebb7c970,0x00000000ec400000)
  to   space 14848K, 0% used [0x00000000ea700000,0x00000000ea700000,0x00000000eb580000)
 ParOldGen       total 66048K, used 33218K [0x00000000a0000000, 0x00000000a4080000, 0x00000000e0000000)
  object space 66048K, 50% used [0x00000000a0000000,0x00000000a2070950,0x00000000a4080000)
 Metaspace       used 34081K, capacity 34902K, committed 35072K, reserved 1079296K
  class space    used 4572K, capacity 4801K, committed 4864K, reserved 1048576K
Event: 15.707 GC heap after
Heap after GC invocations=12 (full 1):
 PSYoungGen      total 185856K, used 1225K [0x00000000e0000000, 0x00000000ec400000, 0x0000000100000000)
  eden space 171008K, 0% used [0x00000000e0000000,0x00000000e0000000,0x00000000ea700000)
  from space 14848K, 8% used [0x00000000ea700000,0x00000000ea8324b8,0x00000000eb580000)
  to   space 14336K, 0% used [0x00000000eb600000,0x00000000eb600000,0x00000000ec400000)
 ParOldGen       total 66048K, used 33954K [0x00000000a0000000, 0x00000000a4080000, 0x00000000e0000000)
  object space 66048K, 51% used [0x00000000a0000000,0x00000000a2128950,0x00000000a4080000)
 Metaspace       used 34081K, capacity 34902K, committed 35072K, reserved 1079296K
  class space    used 4572K, capacity 4801K, committed 4864K, reserved 1048576K
}
Event: 15.742 GC heap before
{Heap before GC invocations=13 (full 1):
 PSYoungGen      total 185856K, used 7963K [0x00000000e0000000, 0x00000000ec400000, 0x0000000100000000)
  eden space 171008K, 3% used [0x00000000e0000000,0x00000000e0694800,0x00000000ea700000)
  from space 14848K, 8% used [0x00000000ea700000,0x00000000ea8324b8,0x00000000eb580000)
  to   space 14336K, 0% used [0x00000000eb600000,0x00000000eb600000,0x00000000ec400000)
 ParOldGen       total 66048K, used 33954K [0x00000000a0000000, 0x00000000a4080000, 0x00000000e0000000)
  object space 66048K, 51% used [0x00000000a0000000,0x00000000a2128950,0x00000000a4080000)
 Metaspace       used 34657K, capacity 35448K, committed 35496K, reserved 1079296K
  class space    used 4595K, capacity 4835K, committed 4864K, reserved 1048576K
Event: 15.744 GC heap after
Heap after GC invocations=13 (full 1):
 PSYoungGen      total 185344K, used 851K [0x00000000e0000000, 0x00000000ec400000, 0x0000000100000000)
  eden space 171008K, 0% used [0x00000000e0000000,0x00000000e0000000,0x00000000ea700000)
  from space 14336K, 5% used [0x00000000eb600000,0x00000000eb6d4d78,0x00000000ec400000)
  to   space 14848K, 0% used [0x00000000ea700000,0x00000000ea700000,0x00000000eb580000)
 ParOldGen       total 66048K, used 34782K [0x00000000a0000000, 0x00000000a4080000, 0x00000000e0000000)
  object space 66048K, 52% used [0x00000000a0000000,0x00000000a21f7980,0x00000000a4080000)
 Metaspace       used 34657K, capacity 35448K, committed 35496K, reserved 1079296K
  class space    used 4595K, capacity 4835K, committed 4864K, reserved 1048576K
}
Event: 15.744 GC heap before
{Heap before GC invocations=14 (full 2):
 PSYoungGen      total 185344K, used 851K [0x00000000e0000000, 0x00000000ec400000, 0x0000000100000000)
  eden space 171008K, 0% used [0x00000000e0000000,0x00000000e0000000,0x00000000ea700000)
  from space 14336K, 5% used [0x00000000eb600000,0x00000000eb6d4d78,0x00000000ec400000)
  to   space 14848K, 0% used [0x00000000ea700000,0x00000000ea700000,0x00000000eb580000)
 ParOldGen       total 66048K, used 34782K [0x00000000a0000000, 0x00000000a4080000, 0x00000000e0000000)
  object space 66048K, 52% used [0x00000000a0000000,0x00000000a21f7980,0x00000000a4080000)
 Metaspace       used 34657K, capacity 35448K, committed 35496K, reserved 1079296K
  class space    used 4595K, capacity 4835K, committed 4864K, reserved 1048576K
Event: 15.830 GC heap after
Heap after GC invocations=14 (full 2):
 PSYoungGen      total 185344K, used 0K [0x00000000e0000000, 0x00000000ec400000, 0x0000000100000000)
  eden space 171008K, 0% used [0x00000000e0000000,0x00000000e0000000,0x00000000ea700000)
  from space 14336K, 0% used [0x00000000eb600000,0x00000000eb600000,0x00000000ec400000)
  to   space 14848K, 0% used [0x00000000ea700000,0x00000000ea700000,0x00000000eb580000)
 ParOldGen       total 92160K, used 20905K [0x00000000a0000000, 0x00000000a5a00000, 0x00000000e0000000)
  object space 92160K, 22% used [0x00000000a0000000,0x00000000a146a700,0x00000000a5a00000)
 Metaspace       used 34591K, capacity 35320K, committed 35496K, reserved 1079296K
  class space    used 4577K, capacity 4815K, committed 4864K, reserved 1048576K
}

